2026.02.03 16:47:20 INFO  Started: Metals version 1.6.5 in folders 'C:\Users\nisha\Documents\sample\ecom\Ecom-ServiceDiscovery' for client Cursor 1.105.1.
2026.02.03 16:47:20 INFO  Memory monitor started
2026.02.03 16:47:23 WARN  Using H2 2.4.240 which is newer than the version Flyway has been verified with. The latest verified version of H2 is 2.3.232.
2026.02.03 16:47:24 INFO  no build target found for C:\Users\nisha\Documents\sample\ecom\Ecom-ServiceDiscovery\src\main\java\com\eureka\servicediscovery\ServicediscoveryApplication.java. Using fallback presentation compiler.
2026.02.03 16:47:26 WARN  no build target for: C:\Users\nisha\Documents\sample\ecom\Ecom-ServiceDiscovery\src\main\java\com\eureka\servicediscovery\ServicediscoveryApplication.java
2026.02.03 16:47:26 INFO  no build target found for C:\Users\nisha\Documents\sample\ecom\Ecom-ServiceDiscovery\src\main\java\com\eureka\servicediscovery\ServicediscoveryApplication.java. Using fallback presentation compiler.
2026.02.03 16:47:31 INFO  no build target found for C:\Users\nisha\Documents\sample\ecom\Ecom-ServiceDiscovery\src\main\java\com\eureka\servicediscovery\ServicediscoveryApplication.java. Using fallback presentation compiler.
2026.02.03 16:47:32 WARN  no build target for: C:\Users\nisha\Documents\sample\ecom\Ecom-ServiceDiscovery\src\main\java\com\eureka\servicediscovery\ServicediscoveryApplication.java
2026.02.03 16:47:34 INFO  no build target found for C:\Users\nisha\Documents\sample\ecom\Ecom-ServiceDiscovery\src\main\java\com\eureka\servicediscovery\ServicediscoveryApplication.java. Using fallback presentation compiler.
2026.02.03 16:47:35 INFO  no build target found for C:\Users\nisha\Documents\sample\ecom\Ecom-ServiceDiscovery\src\main\java\com\eureka\servicediscovery\ServicediscoveryApplication.java. Using fallback presentation compiler.
2026.02.03 16:47:37 INFO  no build target found for C:\Users\nisha\Documents\sample\ecom\Ecom-ServiceDiscovery\src\main\java\com\eureka\servicediscovery\ServicediscoveryApplication.java. Using fallback presentation compiler.
2026.02.03 16:49:43 INFO  Shutting down server
2026.02.03 16:49:43 INFO  Memory monitor stopped
2026.02.03 16:49:43 INFO  shutting down Metals
2026.02.03 16:49:43 INFO  Exiting server
2026.02.03 16:52:15 INFO  Started: Metals version 1.6.5 in folders 'C:\Users\nisha\Documents\sample\ecom\Ecom-ServiceDiscovery' for client Cursor 1.105.1.
2026.02.03 16:52:15 INFO  Memory monitor started
2026.02.03 16:52:17 WARN  Using H2 2.4.240 which is newer than the version Flyway has been verified with. The latest verified version of H2 is 2.3.232.
2026.02.03 16:52:17 INFO  no build target found for C:\Users\nisha\Documents\sample\ecom\Ecom-ServiceDiscovery\src\main\java\com\eureka\servicediscovery\ServicediscoveryApplication.java. Using fallback presentation compiler.
2026.02.03 16:52:31 INFO  no build target found for C:\Users\nisha\Documents\sample\ecom\Ecom-ServiceDiscovery\src\main\java\com\eureka\servicediscovery\ServicediscoveryApplication.java. Using fallback presentation compiler.
2026.02.03 16:52:38 INFO  no build target found for C:\Users\nisha\Documents\sample\ecom\Ecom-ServiceDiscovery\src\main\java\com\eureka\servicediscovery\ServicediscoveryApplication.java. Using fallback presentation compiler.
2026.02.03 16:53:19 INFO  no build target found for C:\Users\nisha\Documents\sample\ecom\Ecom-ServiceDiscovery\src\main\java\com\eureka\servicediscovery\ServicediscoveryApplication.java. Using fallback presentation compiler.
2026.02.03 16:53:33 INFO  no build target found for C:\Users\nisha\Documents\sample\ecom\Ecom-ServiceDiscovery\src\main\java\com\eureka\servicediscovery\ServicediscoveryApplication.java. Using fallback presentation compiler.
